[ 2018/01/16 12:06:33 CST ] [INFO] [init logger config path  /Users/lrs/work/workspace/go/Backend/config/l4g.xml]
[ 2018/01/16 12:06:33 CST ] [INFO] [server initialize.....]
[ 2018/01/16 12:06:33 CST ] [INFO] [init db conn pool ---> lvt_serv:U9D$WHTo@tcp(10.100.15.96:3306)/livesone_user?charset=utf8]
[ 2018/01/16 12:06:33 CST ] [DEBG] [connection database successful]
[ 2018/01/16 12:06:33 CST ] [INFO] [init db conn pool ---> lvt_serv:U9D$WHTo@tcp(10.100.15.96:3306)/livesone_asset?charset=utf8]
[ 2018/01/16 12:06:33 CST ] [DEBG] [connection database successful]
[ 2018/01/16 12:06:33 CST ] [INFO] [conn mongo db --->  10.100.13.6:20000?maxPoolSize=10]
[ 2018/01/16 12:09:04 CST ] [INFO] [init logger config path  /Users/lrs/work/workspace/go/Backend/config/l4g.xml]
[ 2018/01/16 12:09:04 CST ] [INFO] [server initialize.....]
[ 2018/01/16 12:09:04 CST ] [INFO] [init db conn pool ---> lvt_serv:U9D$WHTo@tcp(10.100.15.96:3306)/livesone_user?charset=utf8]
[ 2018/01/16 12:09:04 CST ] [DEBG] [connection database successful]
[ 2018/01/16 12:09:04 CST ] [INFO] [init db conn pool ---> lvt_serv:U9D$WHTo@tcp(10.100.15.96:3306)/livesone_asset?charset=utf8]
[ 2018/01/16 12:09:04 CST ] [DEBG] [connection database successful]
[ 2018/01/16 12:09:04 CST ] [INFO] [conn mongo db --->  10.100.13.6:20000?maxPoolSize=10]
[ 2018/01/16 13:00:00 CST ] [INFO] [start cleaner task job time : 2018-01-16 05:00:00]
[ 2018/01/16 13:00:00 CST ] [DEBG] [Query sql :( select txid from recent_tx_ids order by txid desc limit ? )]
[ 2018/01/16 13:22:42 CST ] [INFO] [init logger config path  /Users/lrs/work/workspace/go/Backend/config/l4g.xml]
[ 2018/01/16 13:22:42 CST ] [INFO] [server initialize.....]
[ 2018/01/16 13:22:42 CST ] [INFO] [init db conn pool ---> lvt_serv:U9D$WHTo@tcp(10.100.15.96:3306)/livesone_user?charset=utf8]
[ 2018/01/16 13:22:42 CST ] [DEBG] [connection database successful]
[ 2018/01/16 13:22:42 CST ] [INFO] [init db conn pool ---> lvt_serv:U9D$WHTo@tcp(10.100.15.96:3306)/livesone_asset?charset=utf8]
[ 2018/01/16 13:22:42 CST ] [DEBG] [connection database successful]
[ 2018/01/16 13:22:42 CST ] [INFO] [conn mongo db --->  10.100.13.6:20000?maxPoolSize=10]
[ 2018/01/16 14:00:00 CST ] [INFO] [start cleaner task job time : 2018-01-16 06:00:00]
[ 2018/01/16 14:00:00 CST ] [DEBG] [Query sql :( select txid from recent_tx_ids order by txid desc limit ? )]
[ 2018/01/16 14:00:00 CST ] [EROR] [query mongo error  not found]
[ 2018/01/16 14:00:00 CST ] [INFO] [end cleaner task job time : 2018-01-16 06:00:00]
[ 2018/01/16 15:00:00 CST ] [INFO] [start cleaner task job time : 2018-01-16 07:00:00]
[ 2018/01/16 15:00:00 CST ] [DEBG] [Query sql :( select txid from recent_tx_ids order by txid desc limit ? )]
[ 2018/01/16 15:00:00 CST ] [EROR] [query mongo error  not found]
[ 2018/01/16 15:00:00 CST ] [INFO] [end cleaner task job time : 2018-01-16 07:00:00]
[ 2018/01/16 16:00:00 CST ] [INFO] [start cleaner task job time : 2018-01-16 08:00:00]
[ 2018/01/16 16:00:00 CST ] [DEBG] [Query sql :( select txid from recent_tx_ids order by txid desc limit ? )]
[ 2018/01/16 16:00:00 CST ] [EROR] [query mongo error  not found]
[ 2018/01/16 16:00:00 CST ] [INFO] [end cleaner task job time : 2018-01-16 08:00:00]
[ 2018/01/16 16:39:16 CST ] [INFO] [init logger config path  /Users/lrs/work/workspace/go/Backend/config/l4g.xml]
[ 2018/01/16 16:39:16 CST ] [INFO] [server initialize.....]
[ 2018/01/16 16:39:16 CST ] [INFO] [init db conn pool ---> lvt_serv:U9D$WHTo@tcp(10.100.15.96:3306)/livesone_user?charset=utf8]
[ 2018/01/16 16:39:16 CST ] [DEBG] [connection database successful]
[ 2018/01/16 16:39:16 CST ] [INFO] [init db conn pool ---> lvt_serv:U9D$WHTo@tcp(10.100.15.96:3306)/livesone_asset?charset=utf8]
[ 2018/01/16 16:39:16 CST ] [DEBG] [connection database successful]
[ 2018/01/16 16:39:16 CST ] [INFO] [conn mongo db --->  10.100.13.6:20000?maxPoolSize=10]
[ 2018/01/16 16:39:16 CST ] [INFO] [start cleaner pending job --->  2018-01-16 08:39:16]
[ 2018/01/16 16:39:16 CST ] [EROR] [query mongo error  not found]
[ 2018/01/16 16:39:16 CST ] [INFO] [sleep task second  4]
[ 2018/01/16 16:39:20 CST ] [EROR] [query mongo error  not found]
[ 2018/01/16 16:39:20 CST ] [INFO] [sleep task second  3]
[ 2018/01/16 16:39:23 CST ] [EROR] [query mongo error  not found]
[ 2018/01/16 16:39:23 CST ] [INFO] [sleep task second  4]
[ 2018/01/16 16:39:27 CST ] [EROR] [query mongo error  not found]
[ 2018/01/16 16:39:27 CST ] [INFO] [sleep task second  4]
[ 2018/01/16 16:39:31 CST ] [EROR] [query mongo error  not found]
[ 2018/01/16 16:39:31 CST ] [INFO] [sleep task second  3]
[ 2018/01/16 16:39:34 CST ] [EROR] [query mongo error  not found]
[ 2018/01/16 16:39:34 CST ] [INFO] [sleep task second  3]
[ 2018/01/16 16:39:37 CST ] [EROR] [query mongo error  not found]
[ 2018/01/16 16:39:37 CST ] [INFO] [sleep task second  4]
[ 2018/01/16 16:39:41 CST ] [EROR] [query mongo error  not found]
[ 2018/01/16 16:39:41 CST ] [INFO] [sleep task second  4]
[ 2018/01/16 16:39:45 CST ] [EROR] [query mongo error  not found]
[ 2018/01/16 16:39:45 CST ] [INFO] [sleep task second  4]
[ 2018/01/16 16:39:49 CST ] [EROR] [query mongo error  not found]
[ 2018/01/16 16:39:49 CST ] [INFO] [sleep task second  3]
[ 2018/01/16 16:39:52 CST ] [EROR] [query mongo error  not found]
[ 2018/01/16 16:39:52 CST ] [INFO] [sleep task second  4]
[ 2018/01/16 16:39:56 CST ] [EROR] [query mongo error  not found]
[ 2018/01/16 16:39:56 CST ] [INFO] [sleep task second  3]
[ 2018/01/16 16:39:59 CST ] [EROR] [query mongo error  not found]
[ 2018/01/16 16:39:59 CST ] [INFO] [sleep task second  3]
[ 2018/01/16 16:40:02 CST ] [EROR] [query mongo error  not found]
[ 2018/01/16 16:40:02 CST ] [INFO] [sleep task second  3]
[ 2018/01/16 16:43:53 CST ] [INFO] [init logger config path  /Users/lrs/work/workspace/go/Backend/config/l4g.xml]
[ 2018/01/16 16:43:53 CST ] [INFO] [server initialize.....]
[ 2018/01/16 16:43:53 CST ] [INFO] [init db conn pool ---> lvt_serv:U9D$WHTo@tcp(10.100.15.96:3306)/livesone_user?charset=utf8]
[ 2018/01/16 16:43:53 CST ] [DEBG] [connection database successful]
[ 2018/01/16 16:43:53 CST ] [INFO] [init db conn pool ---> lvt_serv:U9D$WHTo@tcp(10.100.15.96:3306)/livesone_asset?charset=utf8]
[ 2018/01/16 16:43:53 CST ] [DEBG] [connection database successful]
[ 2018/01/16 16:43:53 CST ] [INFO] [conn mongo db --->  10.100.13.6:20000?maxPoolSize=10]
[ 2018/01/16 16:43:53 CST ] [INFO] [start cleaner pending job --->  2018-01-16 08:43:53]
[ 2018/01/16 16:43:53 CST ] [EROR] [query mongo error  not found]
[ 2018/01/16 16:43:53 CST ] [INFO] [sleep task second  3]
[ 2018/01/16 16:43:56 CST ] [EROR] [query mongo error  not found]
[ 2018/01/16 16:43:56 CST ] [INFO] [sleep task second  3]
[ 2018/01/16 16:43:59 CST ] [EROR] [query mongo error  not found]
[ 2018/01/16 16:43:59 CST ] [INFO] [sleep task second  3]
[ 2018/01/16 16:44:02 CST ] [EROR] [query mongo error  not found]
[ 2018/01/16 16:44:02 CST ] [INFO] [sleep task second  3]
[ 2018/01/16 16:44:05 CST ] [EROR] [query mongo error  not found]
[ 2018/01/16 16:44:05 CST ] [INFO] [sleep task second  4]
[ 2018/01/16 16:44:09 CST ] [EROR] [query mongo error  not found]
[ 2018/01/16 16:44:09 CST ] [INFO] [sleep task second  3]
[ 2018/01/16 16:44:12 CST ] [EROR] [query mongo error  not found]
[ 2018/01/16 16:44:12 CST ] [INFO] [sleep task second  4]
[ 2018/01/16 16:44:16 CST ] [EROR] [query mongo error  not found]
[ 2018/01/16 16:44:16 CST ] [INFO] [sleep task second  4]
[ 2018/01/16 16:44:20 CST ] [EROR] [query mongo error  not found]
[ 2018/01/16 16:44:20 CST ] [INFO] [sleep task second  3]
[ 2018/01/16 16:44:23 CST ] [EROR] [query mongo error  not found]
[ 2018/01/16 16:44:23 CST ] [INFO] [sleep task second  3]
[ 2018/01/16 16:44:26 CST ] [EROR] [query mongo error  not found]
[ 2018/01/16 16:44:26 CST ] [INFO] [sleep task second  4]
[ 2018/01/16 17:40:49 CST ] [INFO] [init logger config path  /Users/lrs/work/workspace/go/Backend/config/l4g.xml]
[ 2018/01/16 17:40:49 CST ] [INFO] [server initialize.....]
[ 2018/01/16 17:40:49 CST ] [INFO] [init db conn pool ---> lvt_serv:U9D$WHTo@tcp(10.100.15.96:3306)/livesone_user?charset=utf8]
[ 2018/01/16 17:40:49 CST ] [DEBG] [connection database successful]
[ 2018/01/16 17:40:49 CST ] [INFO] [init db conn pool ---> lvt_serv:U9D$WHTo@tcp(10.100.15.96:3306)/livesone_asset?charset=utf8]
[ 2018/01/16 17:40:49 CST ] [DEBG] [connection database successful]
[ 2018/01/16 17:40:49 CST ] [INFO] [conn mongo db --->  10.100.13.6:20000?maxPoolSize=10]
[ 2018/01/16 17:40:49 CST ] [INFO] [start cleaner pending job --->  2018-01-16 09:40:49]
[ 2018/01/16 17:40:49 CST ] [EROR] [query mongo error  not found]
[ 2018/01/16 17:40:49 CST ] [INFO] [sleep task second  4]
[ 2018/01/16 17:40:53 CST ] [EROR] [query mongo error  not found]
[ 2018/01/16 17:40:53 CST ] [INFO] [sleep task second  4]
[ 2018/01/16 17:40:57 CST ] [EROR] [query mongo error  not found]
[ 2018/01/16 17:40:57 CST ] [INFO] [sleep task second  4]
[ 2018/01/16 17:41:01 CST ] [EROR] [query mongo error  not found]
[ 2018/01/16 17:41:01 CST ] [INFO] [sleep task second  3]
[ 2018/01/16 17:41:04 CST ] [EROR] [query mongo error  not found]
[ 2018/01/16 17:41:04 CST ] [INFO] [sleep task second  3]
[ 2018/01/16 17:41:07 CST ] [EROR] [query mongo error  not found]
[ 2018/01/16 17:41:07 CST ] [INFO] [sleep task second  4]
[ 2018/01/16 17:41:11 CST ] [EROR] [query mongo error  not found]
[ 2018/01/16 17:41:11 CST ] [INFO] [sleep task second  3]
[ 2018/01/16 17:41:14 CST ] [EROR] [query mongo error  not found]
[ 2018/01/16 17:41:14 CST ] [INFO] [sleep task second  3]
[ 2018/01/16 17:41:17 CST ] [EROR] [query mongo error  not found]
[ 2018/01/16 17:41:17 CST ] [INFO] [sleep task second  4]
[ 2018/01/16 17:41:21 CST ] [EROR] [query mongo error  not found]
[ 2018/01/16 17:41:21 CST ] [INFO] [sleep task second  4]
[ 2018/01/16 17:41:25 CST ] [EROR] [query mongo error  not found]
[ 2018/01/16 17:41:25 CST ] [INFO] [sleep task second  4]
[ 2018/01/16 17:41:29 CST ] [EROR] [query mongo error  not found]
[ 2018/01/16 17:41:29 CST ] [INFO] [sleep task second  3]
[ 2018/01/16 17:41:32 CST ] [EROR] [query mongo error  not found]
[ 2018/01/16 17:41:32 CST ] [INFO] [sleep task second  4]
[ 2018/01/16 17:41:36 CST ] [EROR] [query mongo error  not found]
[ 2018/01/16 17:41:36 CST ] [INFO] [sleep task second  4]
[ 2018/01/16 17:41:40 CST ] [EROR] [query mongo error  not found]
[ 2018/01/16 17:41:40 CST ] [INFO] [sleep task second  3]
